InitConnectionLimits: MaxClients = 2048

Xvnc TigerVNC 1.10.0 - built Jun 21 2021 09:20:54
Copyright (C) 1999-2019 TigerVNC Team and many others (see README.rst)
See https://www.tigervnc.org for information on TigerVNC.
Underlying X server release 12000000, The X.Org Foundation


Sun Jun 27 12:08:07 2021
 vncext:      VNC extension running!
 vncext:      Listening for VNC connections on all interface(s), port 5901
 vncext:      created VNC server for screen 0
Sync Extension 3.1
[dix] Could not init font path element /data/data/com.termux/files/usr/share/fonts/misc/, removing from list!
[dix] Could not init font path element /data/data/com.termux/files/usr/share/fonts/TTF/, removing from list!
[dix] Could not init font path element /data/data/com.termux/files/usr/share/fonts/OTF/, removing from list!
[dix] Could not init font path element /data/data/com.termux/files/usr/share/fonts/Type1/, removing from list!
[dix] Could not init font path element /data/data/com.termux/files/usr/share/fonts/100dpi/, removing from list!
[dix] Could not init font path element /data/data/com.termux/files/usr/share/fonts/75dpi/, removing from list!
Popen: `"/data/data/com.termux/files/usr/bin/xkbcomp" -w 1 "-R/data/data/com.termux/files/usr/share/X11/xkb" -xkm "-" -em1 "The XKEYBOARD keymap compiler (xkbcomp) reports:" -emp "> " -eml "Errors from xkbcomp are not fatal to the X server" "/data/data/com.termux/files/usr/share/X11/xkb/compiled/server-1.xkm"', fp = 0x6fe50140b0
Pclose: fp = 0x6fe50140b0
Loaded XKB keymap /data/data/com.termux/files/usr/share/X11/xkb/compiled/server-1.xkm, defined=0x7f
client(0): Reserved pid(15862).
client(0): Reserved cmdname(/data/data/com.termux/files/usr/bin/Xvnc) and cmdargs(:1 -auth /data/data/com.termux/files/home/.Xauthority -desktop localhost:1 (u0_a1056) -geometry 1024x768 -pn -rfbauth /data/data/com.termux/files/home/.vnc/passwd -rfbport 5901 -rfbwait 3000).
client(200000): Reserved pid(15868).
client(200000): Reserved cmdname(xhost) and cmdargs().
AllocNewConnection: client index = 1, socket fd = 6
access control disabled, clients can connect from any host
client(200000): Released pid(15868).
client(200000): Released cmdline(xhost) and cmdargs().

Sun Jun 27 12:08:10 2021
 ComparingUpdateTracker: 0 pixels in / 0 pixels out
 ComparingUpdateTracker: (1:nan ratio)
(dix) removing device 2
(dix) removing device 3
(dix) removing device 5
(dix) removing device 4
(dix) removing device 7
(dix) removing device 6
client(0): Released pid(15862).
client(0): Released cmdline(/data/data/com.termux/files/usr/bin/Xvnc) and cmdargs(:1 -auth /data/data/com.termux/files/home/.Xauthority -desktop localhost:1 (u0_a1056) -geometry 1024x768 -pn -rfbauth /data/data/com.termux/files/home/.vnc/passwd -rfbport 5901 -rfbwait 3000).
qt.qpa.xcb: could not connect to display :1
qt.qpa.plugin: Could not load the Qt platform plugin "xcb" in "" even though it was found.
This application failed to start because no Qt platform plugin could be initialized. Reinstalling the application may fix this problem.

Available platform plugins are: minimal, offscreen, vnc, xcb.

