InitConnectionLimits: MaxClients = 2048

Xvnc TigerVNC 1.10.0 - built Mar  1 2021 20:08:45
Copyright (C) 1999-2019 TigerVNC Team and many others (see README.rst)
See https://www.tigervnc.org for information on TigerVNC.
Underlying X server release 12000000, The X.Org Foundation


Thu Jun  3 15:33:28 2021
 vncext:      VNC extension running!
 vncext:      Listening for VNC connections on all interface(s), port 5900
 vncext:      created VNC server for screen 0
Sync Extension 3.1
[dix] Could not init font path element /data/data/com.termux/files/usr/share/fonts/misc/, removing from list!
[dix] Could not init font path element /data/data/com.termux/files/usr/share/fonts/TTF/, removing from list!
[dix] Could not init font path element /data/data/com.termux/files/usr/share/fonts/OTF/, removing from list!
[dix] Could not init font path element /data/data/com.termux/files/usr/share/fonts/Type1/, removing from list!
[dix] Could not init font path element /data/data/com.termux/files/usr/share/fonts/100dpi/, removing from list!
[dix] Could not init font path element /data/data/com.termux/files/usr/share/fonts/75dpi/, removing from list!
Popen: `"/data/data/com.termux/files/usr/bin/xkbcomp" -w 1 "-R/data/data/com.termux/files/usr/share/X11/xkb" -xkm "-" -em1 "The XKEYBOARD keymap compiler (xkbcomp) reports:" -emp "> " -eml "Errors from xkbcomp are not fatal to the X server" "/data/data/com.termux/files/usr/share/X11/xkb/compiled/server-0.xkm"', fp = 0x75a44140b0
Pclose: fp = 0x75a44140b0
Loaded XKB keymap /data/data/com.termux/files/usr/share/X11/xkb/compiled/server-0.xkm, defined=0x7f
client(0): Reserved pid(17973).
client(0): Reserved cmdname(/data/data/com.termux/files/usr/bin/Xvnc) and cmdargs(:0 -auth /data/data/com.termux/files/home/.Xauthority -desktop localhost:0 (u0_a1056) -geometry 1024x768 -pn -rfbauth /data/data/com.termux/files/home/.vnc/passwd -rfbport 5900 -rfbwait 3000).
client(200000): Reserved pid(18002).
client(200000): Reserved cmdname(xhost) and cmdargs().
AllocNewConnection: client index = 1, socket fd = 6
access control disabled, clients can connect from any host
client(200000): Released pid(18002).
client(200000): Released cmdline(xhost) and cmdargs().
client(200000): Reserved pid(18007).
client(200000): Reserved cmdname(dbus-launch) and cmdargs(--sh-syntax --exit-with-sessio).
AllocNewConnection: client index = 1, socket fd = 6
client(400000): Reserved pid(18014).
client(400000): Reserved cmdname(dbus-launch) and cmdargs(--sh-syntax --exit-with-sessio).
AllocNewConnection: client index = 2, socket fd = 9
client(600000): Reserved pid(18001).
client(600000): Reserved cmdname(lxqt-sessio) and cmdargs(NULL).
AllocNewConnection: client index = 3, socket fd = 10
QStandardPaths: XDG_RUNTIME_DIR not set, defaulting to '/data/data/com.termux/files/usr/tmp/runtime-u0_a1056'
lxqt-session: LockScreenManager couldn't start
client(800000): Reserved pid(18029).
client(800000): Reserved cmdname(/data/data/com.termux/files/usr/bin/xfwm) and cmdargs(NULL).
AllocNewConnection: client index = 4, socket fd = 12
client(a00000): Reserved pid(18058).
client(a00000): Reserved cmdname(/data/data/com.termux/files/usr/bin/lxqt-notification) and cmdargs(NULL).
AllocNewConnection: client index = 5, socket fd = 13
client(c00000): Reserved pid(18054).
client(c00000): Reserved cmdname(/data/data/com.termux/files/usr/bin/pcmanfm-qt) and cmdargs(--desktop --profile=lxq).
AllocNewConnection: client index = 6, socket fd = 15
client(e00000): Reserved pid(18057).
client(e00000): Reserved cmdname(/data/data/com.termux/files/usr/bin/lxqt-globalkeys) and cmdargs(NULL).
AllocNewConnection: client index = 7, socket fd = 16
client(1000000): Reserved pid(18060).
client(1000000): Reserved cmdname(/data/data/com.termux/files/usr/bin/lxqt-runne) and cmdargs(NULL).
AllocNewConnection: client index = 8, socket fd = 17
QStandardPaths: XDG_RUNTIME_DIR not set, defaulting to '/data/data/com.termux/files/usr/tmp/runtime-u0_a1056'
QStandardPaths: XDG_RUNTIME_DIR not set, defaulting to '/data/data/com.termux/files/usr/tmp/runtime-u0_a1056'
client(1200000): Reserved pid(18059).
client(1200000): Reserved cmdname(/data/data/com.termux/files/usr/bin/lxqt-pane) and cmdargs(NULL).
AllocNewConnection: client index = 9, socket fd = 18
QStandardPaths: XDG_RUNTIME_DIR not set, defaulting to '/data/data/com.termux/files/usr/tmp/runtime-u0_a1056'
QStandardPaths: XDG_RUNTIME_DIR not set, defaulting to '/data/data/com.termux/files/usr/tmp/runtime-u0_a1056'
QStandardPaths: XDG_RUNTIME_DIR not set, defaulting to '/data/data/com.termux/files/usr/tmp/runtime-u0_a1056'
client(1400000): Reserved pid(18057).
client(1400000): Reserved cmdname(/data/data/com.termux/files/usr/bin/lxqt-globalkeys) and cmdargs(NULL).
AllocNewConnection: client index = 10, socket fd = 19
void PCManFM::Application::initWatch() Could not read:  ""
QFileSystemWatcher::addPath: path is empty
isPrimaryInstance
size of cached file QSize(1365, 768) , requiredSize: QSize(1365, 768)
origin "/data/data/com.termux/files/home/backgrounds/3840x2160_night.png"
Not using O_TMPFILE
qt.qpa.xcb: xcb_shm_create_segment() failed for size 3145728
"Plugin \"mount\" not found."
"Cannot load library /data/data/com.termux/files/usr/lib/lxqt-panel/libvolume.so: (dlopen failed: cannot locate symbol \"_ZN14PluginSettings13loadFromCacheEv\" referenced by \"/data/data/com.termux/files/usr/lib/lxqt-panel/libvolume.so\"...)"
WinIdChange 1200007 handle QWidgetWindow(0x7f8745db20, name="LXQtPanel panel1Window") QScreen(0x7f8d22cce0, name="VNC-0")
Systray started
()
Not using O_TMPFILE
qt.qpa.xcb: xcb_shm_create_segment() failed for size 159744
[Notice] Started

Thu Jun  3 15:33:35 2021
 Connections: accepted: 127.0.0.1::47000
 SConnection: Client needs protocol version 3.8
 SConnection: Client requests security type VncAuth(2)

Thu Jun  3 15:33:40 2021
 VNCSConnST:  Server default pixel format depth 24 (32bpp) little-endian rgb888
 VNCSConnST:  Client pixel format depth 6 (8bpp) rgb222
Not using O_TMPFILE
qt.qpa.xcb: xcb_shm_create_segment() failed for size 202592

Thu Jun  3 15:33:45 2021
 VNCSConnST:  Client pixel format depth 24 (32bpp) little-endian rgb888
xfce4-terminal
client(1600000): Reserved pid(19106).
client(1600000): Reserved cmdname(xfce4-termina) and cmdargs(NULL).
AllocNewConnection: client index = 11, socket fd = 21
Failed to connect to session manager: Failed to connect to the session manager: SESSION_MANAGER environment variable not defined
client(1800000): Reserved pid(19285).
client(1800000): Reserved cmdname(./cool-retro-ter) and cmdargs(NULL).
AllocNewConnection: client index = 12, socket fd = 22
client(1800000): Released pid(19285).
client(1800000): Released cmdline(./cool-retro-ter) and cmdargs(NULL).
Not using O_TMPFILE
qt.qpa.xcb: xcb_shm_create_segment() failed for size 35256
Not using O_TMPFILE
qt.qpa.xcb: xcb_shm_create_segment() failed for size 48672
Not using O_TMPFILE
qt.qpa.xcb: xcb_shm_create_segment() failed for size 25272
client(1800000): Reserved pid(23031).
client(1800000): Reserved cmdname(./cool-retro-ter) and cmdargs(NULL).
AllocNewConnection: client index = 12, socket fd = 22
client(1800000): Released pid(23031).
client(1800000): Released cmdline(./cool-retro-ter) and cmdargs(NULL).
client(1800000): Reserved pid(23253).
client(1800000): Reserved cmdname(./cool-retro-ter) and cmdargs(NULL).
AllocNewConnection: client index = 12, socket fd = 22
client(1800000): Released pid(23253).
client(1800000): Released cmdline(./cool-retro-ter) and cmdargs(NULL).
client(200000): Released pid(18007).
client(200000): Released cmdline(dbus-launch) and cmdargs(--sh-syntax --exit-with-sessio).
client(400000): Released pid(18014).
client(400000): Released cmdline(dbus-launch) and cmdargs(--sh-syntax --exit-with-sessio).
client(600000): Released pid(18001).
client(600000): Released cmdline(lxqt-sessio) and cmdargs(NULL).
The X11 connection broke (error 1). Did the X11 server die?
client(800000): Released pid(18029).
client(800000): Released cmdline(/data/data/com.termux/files/usr/bin/xfwm) and cmdargs(NULL).
client(a00000): Released pid(18058).
client(a00000): Released cmdline(/data/data/com.termux/files/usr/bin/lxqt-notification) and cmdargs(NULL).
The X11 connection broke (error 1). Did the X11 server die?
client(c00000): Released pid(18054).
client(c00000): Released cmdline(/data/data/com.termux/files/usr/bin/pcmanfm-qt) and cmdargs(--desktop --profile=lxq).
client(e00000): Released pid(18057).
client(e00000): Released cmdline(/data/data/com.termux/files/usr/bin/lxqt-globalkeys) and cmdargs(NULL).
client(1000000): Released pid(18060).
client(1000000): Released cmdline(/data/data/com.termux/files/usr/bin/lxqt-runne) and cmdargs(NULL).
The X11 connection broke (error 1). Did the X11 server die?
client(1200000): Released pid(18059).
client(1200000): Released cmdline(/data/data/com.termux/files/usr/bin/lxqt-pane) and cmdargs(NULL).
The X11 connection broke (error 1). Did the X11 server die?
client(1400000): Released pid(18057).
client(1400000): Released cmdline(/data/data/com.termux/files/usr/bin/lxqt-globalkeys) and cmdargs(NULL).
The X11 connection broke: I/O error (code 1)
X connection to :0 broken (explicit kill or server shutdown).
client(1600000): Released pid(19106).
client(1600000): Released cmdline(xfce4-termina) and cmdargs(NULL).
QSocketNotifier: Socket notifiers cannot be enabled or disabled from another thread

Thu Jun  3 15:47:44 2021
 VNCSConnST:  closing 127.0.0.1::47000: Server shutdown
 EncodeManager: Framebuffer updates: 372
 EncodeManager:   RRE:
 EncodeManager:     Solid: 25 rects, 390.272 kpixels
 EncodeManager:            473 B (1:1301.47 ratio)
 EncodeManager:   ZRLE:
 EncodeManager:     Bitmap RLE: 21 rects, 138.24 kpixels
 EncodeManager:                 1.11035 KiB (1:141.9 ratio)
 EncodeManager:     Indexed RLE: 186 rects, 1.9267 Mpixels
 EncodeManager:                  79.9355 KiB (1:72.1467 ratio)
 EncodeManager:     Full Colour: 704 rects, 28.2441 Mpixels
 EncodeManager:                  5.20794 MiB (1:20.6898 ratio)
 EncodeManager:   Total: 936 rects, 30.6994 Mpixels
 EncodeManager:          5.28753 MiB (1:21.5836 ratio)
 ComparingUpdateTracker: 85.1643 Mpixels in / 29.1689 Mpixels out
 ComparingUpdateTracker: (1:2.9197 ratio)
(dix) removing device 2
(dix) removing device 3
(dix) removing device 5
(dix) removing device 4
(dix) removing device 7
(dix) removing device 6
client(0): Released pid(17973).
client(0): Released cmdline(/data/data/com.termux/files/usr/bin/Xvnc) and cmdargs(:0 -auth /data/data/com.termux/files/home/.Xauthority -desktop localhost:0 (u0_a1056) -geometry 1024x768 -pn -rfbauth /data/data/com.termux/files/home/.vnc/passwd -rfbport 5900 -rfbwait 3000).
Trying to construct an instance of an invalid type, type id: 1033
QDBusMarshaller: cannot add an invalid QVariant
QDBusConnection: error: could not send message to service "org.lxqt.global_key_shortcuts" path "/native" interface "org.lxqt.global_key_shortcuts.native" member "deactivateClientAction": Marshalling failed: Variant containing QVariant::Invalid passed in arguments
Trying to construct an instance of an invalid type, type id: 1033
QDBusMarshaller: cannot add an invalid QVariant
QDBusConnection: error: could not send message to service "org.lxqt.global_key_shortcuts" path "/native" interface "org.lxqt.global_key_shortcuts.native" member "deactivateClientAction": Marshalling failed: Variant containing QVariant::Invalid passed in arguments
Trying to construct an instance of an invalid type, type id: 1033
QDBusMarshaller: cannot add an invalid QVariant
QDBusConnection: error: could not send message to service "org.lxqt.global_key_shortcuts" path "/native" interface "org.lxqt.global_key_shortcuts.native" member "deactivateClientAction": Marshalling failed: Variant containing QVariant::Invalid passed in arguments
Trying to construct an instance of an invalid type, type id: 1033
QDBusMarshaller: cannot add an invalid QVariant
QDBusConnection: error: could not send message to service "org.lxqt.global_key_shortcuts" path "/native" interface "org.lxqt.global_key_shortcuts.native" member "deactivateClientAction": Marshalling failed: Variant containing QVariant::Invalid passed in arguments
Trying to construct an instance of an invalid type, type id: 1033
QDBusMarshaller: cannot add an invalid QVariant
QDBusConnection: error: could not send message to service "org.lxqt.global_key_shortcuts" path "/native" interface "org.lxqt.global_key_shortcuts.native" member "deactivateClientAction": Marshalling failed: Variant containing QVariant::Invalid passed in arguments
Trying to construct an instance of an invalid type, type id: 1033
QDBusMarshaller: cannot add an invalid QVariant
QDBusConnection: error: could not send message to service "org.lxqt.global_key_shortcuts" path "/native" interface "org.lxqt.global_key_shortcuts.native" member "deactivateClientAction": Marshalling failed: Variant containing QVariant::Invalid passed in arguments
Trying to construct an instance of an invalid type, type id: 1033
QDBusMarshaller: cannot add an invalid QVariant
QDBusConnection: error: could not send message to service "org.lxqt.global_key_shortcuts" path "/native" interface "org.lxqt.global_key_shortcuts.native" member "deactivateClientAction": Marshalling failed: Variant containing QVariant::Invalid passed in arguments
Trying to construct an instance of an invalid type, type id: 1033
QDBusMarshaller: cannot add an invalid QVariant
QDBusConnection: error: could not send message to service "org.lxqt.global_key_shortcuts" path "/native" interface "org.lxqt.global_key_shortcuts.native" member "deactivateClientAction": Marshalling failed: Variant containing QVariant::Invalid passed in arguments
Trying to construct an instance of an invalid type, type id: 1033
QDBusMarshaller: cannot add an invalid QVariant
QDBusConnection: error: could not send message to service "org.lxqt.global_key_shortcuts" path "/native" interface "org.lxqt.global_key_shortcuts.native" member "deactivateClientAction": Marshalling failed: Variant containing QVariant::Invalid passed in arguments
Trying to construct an instance of an invalid type, type id: 1033
QDBusMarshaller: cannot add an invalid QVariant
QDBusConnection: error: could not send message to service "org.lxqt.global_key_shortcuts" path "/native" interface "org.lxqt.global_key_shortcuts.native" member "deactivateClientAction": Marshalling failed: Variant containing QVariant::Invalid passed in arguments
Trying to construct an instance of an invalid type, type id: 1033
QDBusMarshaller: cannot add an invalid QVariant
QDBusConnection: error: could not send message to service "org.lxqt.global_key_shortcuts" path "/native" interface "org.lxqt.global_key_shortcuts.native" member "deactivateClientAction": Marshalling failed: Variant containing QVariant::Invalid passed in arguments
The X11 connection broke (error 1). Did the X11 server die?
